<?xml version="1.0" encoding="UTF-8"?>
<testng-results ignored="0" total="1" passed="1" failed="0" skipped="0">
  <reporter-output>
  </reporter-output>
  <suite started-at="2023-12-07T10:22:27 IST" name="Default suite" finished-at="2023-12-07T10:23:05 IST" duration-ms="37742">
    <groups>
    </groups>
    <test started-at="2023-12-07T10:22:27 IST" name="Default test" finished-at="2023-12-07T10:23:05 IST" duration-ms="37742">
      <class name="testing.Shortlist">
        <test-method signature="ShortListpage()[pri:0, instance:testing.Shortlist@449a4f23]" started-at="2023-12-07T10:22:27 IST" name="ShortListpage" finished-at="2023-12-07T10:23:05 IST" duration-ms="37655" status="PASS">
          <reporter-output>
          </reporter-output>
        </test-method> <!-- ShortListpage -->
      </class> <!-- testing.Shortlist -->
    </test> <!-- Default test -->
  </suite> <!-- Default suite -->
</testng-results>
